<?xml version="1.0" encoding="UTF-8"?>
<testng-results skipped="0" failed="0" ignored="0" total="2" passed="2">
  <reporter-output>
  </reporter-output>
  <suite name="Regression test" duration-ms="13829" started-at="2018-04-17T02:35:42Z" finished-at="2018-04-17T02:35:56Z">
    <groups>
    </groups>
    <test name="Test1" duration-ms="13829" started-at="2018-04-17T02:35:42Z" finished-at="2018-04-17T02:35:56Z">
      <class name="com.test1.tests.Test2">
        <test-method status="PASS" signature="f()[pri:0, instance:com.test1.tests.Test2@224edc67]" name="f" duration-ms="2" started-at="2018-04-17T02:35:56Z" finished-at="2018-04-17T02:35:56Z">
          <reporter-output>
          </reporter-output>
        </test-method> <!-- f -->
      </class> <!-- com.test1.tests.Test2 -->
      <class name="com.test1.tests.MyAccountPageTests">
        <test-method status="PASS" signature="f()[pri:0, instance:com.test1.tests.MyAccountPageTests@4c70fda8]" name="f" duration-ms="13799" started-at="2018-04-17T02:35:42Z" finished-at="2018-04-17T02:35:56Z">
          <reporter-output>
          </reporter-output>
        </test-method> <!-- f -->
      </class> <!-- com.test1.tests.MyAccountPageTests -->
    </test> <!-- Test1 -->
  </suite> <!-- Regression test -->
</testng-results>
